[2025-06-12 23:55:14,916: INFO: main: Welcome to Wine Quality project]
[2025-06-12 23:55:14,916: INFO: main: >>>>>> stage Data Ingestion stage started <<<<<<<]
[2025-06-12 23:55:14,921: INFO: common: yaml file: config\config.yaml loaded successfully]
[2025-06-12 23:55:14,923: INFO: common: yaml file: params.yaml loaded successfully]
[2025-06-12 23:55:14,926: INFO: common: yaml file: schema.yaml loaded successfully]
[2025-06-12 23:55:14,928: INFO: common: created directory at: artifacts]
[2025-06-12 23:55:14,928: INFO: common: created directory at: artifacts/data_ingestion]
[2025-06-12 23:55:16,278: INFO: data_ingestion: artifacts/data_ingestion/data.zip download! with following info: 
Connection: close
Content-Length: 23329
Cache-Control: max-age=300
Content-Security-Policy: default-src 'none'; style-src 'unsafe-inline'; sandbox
Content-Type: application/zip
ETag: "c69888a4ae59bc5a893392785a938ccd4937981c06ba8a9d6a21aa52b4ab5b6e"
Strict-Transport-Security: max-age=31536000
X-Content-Type-Options: nosniff
X-Frame-Options: deny
X-XSS-Protection: 1; mode=block
X-GitHub-Request-Id: 5466:33CA21:A0C15:131659:684B0D6D
Accept-Ranges: bytes
Date: Thu, 12 Jun 2025 18:25:17 GMT
Via: 1.1 varnish
X-Served-By: cache-del21747-DEL
X-Cache: HIT
X-Cache-Hits: 0
X-Timer: S1749752717.021245,VS0,VE307
Vary: Authorization,Accept-Encoding
Access-Control-Allow-Origin: *
Cross-Origin-Resource-Policy: cross-origin
X-Fastly-Request-ID: 11b71b04429b0ae4ae553429b70c6c29c4f2d6dd
Expires: Thu, 12 Jun 2025 18:30:17 GMT
Source-Age: 0

]
[2025-06-12 23:55:16,317: INFO: main: >>>>>>>> stage Data Ingestion stage completed <<<<<<<<

x=====================x]
[2025-06-12 23:55:16,318: INFO: main: >>>>>> stage Data Validation stage started <<<<<<<]
[2025-06-12 23:55:16,323: INFO: common: yaml file: config\config.yaml loaded successfully]
[2025-06-12 23:55:16,325: INFO: common: yaml file: params.yaml loaded successfully]
[2025-06-12 23:55:16,328: INFO: common: yaml file: schema.yaml loaded successfully]
[2025-06-12 23:55:16,328: INFO: common: created directory at: artifacts]
[2025-06-12 23:55:16,330: INFO: common: created directory at: artifacts/data_validation]
[2025-06-12 23:55:16,367: INFO: main: >>>>>>>> stage Data Validation stage completed <<<<<<<<

x=====================x]
[2025-06-12 23:55:16,368: INFO: main: >>>>>> stage Data Transformation stage started <<<<<<<]
[2025-06-12 23:55:16,375: INFO: common: yaml file: config\config.yaml loaded successfully]
[2025-06-12 23:55:16,377: INFO: common: yaml file: params.yaml loaded successfully]
[2025-06-12 23:55:16,381: INFO: common: yaml file: schema.yaml loaded successfully]
[2025-06-12 23:55:16,382: INFO: common: created directory at: artifacts]
[2025-06-12 23:55:16,384: INFO: common: created directory at: artifacts/data_transformation]
[2025-06-12 23:55:16,417: INFO: data_transformation: Splited data into training and test sets]
[2025-06-12 23:55:16,417: INFO: data_transformation: (1199, 12)]
[2025-06-12 23:55:16,417: INFO: data_transformation: (400, 12)]
[2025-06-12 23:55:16,418: INFO: main: >>>>>>>> stage Data Transformation stage completed <<<<<<<<

x=====================x]
[2025-06-12 23:55:16,419: INFO: main: >>>>>> stage Model Trainer stage started <<<<<<<]
[2025-06-12 23:55:16,423: INFO: common: yaml file: config\config.yaml loaded successfully]
[2025-06-12 23:55:16,425: INFO: common: yaml file: params.yaml loaded successfully]
[2025-06-12 23:55:16,428: INFO: common: yaml file: schema.yaml loaded successfully]
[2025-06-12 23:55:16,429: INFO: common: created directory at: artifacts]
[2025-06-12 23:55:16,430: INFO: common: created directory at: artifacts/model_trainer]
[2025-06-12 23:55:16,489: INFO: main: >>>>>>>> stage Model Trainer stage completed <<<<<<<<

x=====================x]
[2025-06-12 23:55:16,490: INFO: main: >>>>>> stage Model Evaluation stage started <<<<<<<]
[2025-06-12 23:55:16,494: INFO: common: yaml file: config\config.yaml loaded successfully]
[2025-06-12 23:55:16,496: INFO: common: yaml file: params.yaml loaded successfully]
[2025-06-12 23:55:16,498: INFO: common: yaml file: schema.yaml loaded successfully]
[2025-06-12 23:55:16,500: INFO: common: created directory at: artifacts]
[2025-06-12 23:55:16,501: INFO: common: created directory at: artifacts/model_evaluation]
[2025-06-12 23:55:16,537: INFO: common: json file saved at: artifacts\model_evaluation\metrics.json]
[2025-06-12 23:55:16,537: INFO: main: >>>>>>>> stage Model Evaluation stage completed <<<<<<<<

x=====================x]
